2025-04-03 14:20:54.885 [main] INFO  c.a.n.c.e.SearchableProperties properties search order:PROPERTIES->JVM->ENV->DEFAULT_SETTING
2025-04-03 14:20:55.705 [main] INFO  o.d.NacosProviderApplication Starting NacosProviderApplication using Java 1.8.0_202 on W7-20200925UMIL with PID 1864 (E:\idea_workspace\java_workspace\springclouddemos\my-spring-cloud-alibaba-examples\nacos-examples\nacos-provider-examples\target\classes started by Administrator in E:\idea_workspace\java_workspace\springclouddemos\my-spring-cloud-alibaba-examples)
2025-04-03 14:20:55.707 [main] INFO  o.d.NacosProviderApplication No active profile set, falling back to 1 default profile: "default"
2025-04-03 14:20:59.325 [main] INFO  o.s.c.c.s.GenericScope BeanFactory id=47570e2e-81b9-3951-b595-a54f402cd9f5
2025-04-03 14:21:00.659 [main] INFO  o.s.b.w.e.t.TomcatWebServer Tomcat initialized with port(s): 18081 (http)
2025-04-03 14:21:00.694 [main] INFO  o.a.c.h.Http11NioProtocol Initializing ProtocolHandler ["http-nio-18081"]
2025-04-03 14:21:00.697 [main] INFO  o.a.c.c.StandardService Starting service [Tomcat]
2025-04-03 14:21:00.698 [main] INFO  o.a.c.c.StandardEngine Starting Servlet engine: [Apache Tomcat/9.0.83]
2025-04-03 14:21:01.196 [main] INFO  o.a.c.c.C.[.[.[/] Initializing Spring embedded WebApplicationContext
2025-04-03 14:21:01.196 [main] INFO  o.s.b.w.s.c.ServletWebServerApplicationContext Root WebApplicationContext: initialization completed in 5193 ms
2025-04-03 14:21:05.079 [main] INFO  o.s.b.a.e.w.EndpointLinksResolver Exposing 17 endpoint(s) beneath base path '/actuator'
2025-04-03 14:21:05.254 [main] INFO  o.a.c.h.Http11NioProtocol Starting ProtocolHandler ["http-nio-18081"]
2025-04-03 14:21:05.323 [main] INFO  o.s.b.w.e.t.TomcatWebServer Tomcat started on port(s): 18081 (http) with context path ''
2025-04-03 14:21:05.493 [main] INFO  c.a.n.p.a.s.c.ClientAuthPluginManager [ClientAuthPluginManager] Load ClientAuthService com.alibaba.nacos.client.auth.impl.NacosClientAuthServiceImpl success.
2025-04-03 14:21:05.493 [main] INFO  c.a.n.p.a.s.c.ClientAuthPluginManager [ClientAuthPluginManager] Load ClientAuthService com.alibaba.nacos.client.auth.ram.RamClientAuthServiceImpl success.
2025-04-03 14:21:09.183 [main] INFO  c.a.c.n.r.NacosServiceRegistry nacos registry, DEFAULT_GROUP nacos-provider 192.168.3.230:18081 register finished
2025-04-03 14:21:10.222 [main] INFO  o.d.NacosProviderApplication Started NacosProviderApplication in 17.802 seconds (JVM running for 25.494)
2025-04-03 14:21:10.236 [main] INFO  o.d.NacosProviderApplication slf4j+logback: NacosProviderApplication running.
2025-04-03 14:21:11.112 [RMI TCP Connection(1)-192.168.56.1] INFO  o.a.c.c.C.[.[.[/] Initializing Spring DispatcherServlet 'dispatcherServlet'
2025-04-03 14:21:11.112 [RMI TCP Connection(1)-192.168.56.1] INFO  o.s.w.s.DispatcherServlet Initializing Servlet 'dispatcherServlet'
2025-04-03 14:21:11.115 [RMI TCP Connection(1)-192.168.56.1] INFO  o.s.w.s.DispatcherServlet Completed initialization in 3 ms
2025-04-03 14:30:30.561 [main] INFO  c.a.n.c.e.SearchableProperties properties search order:PROPERTIES->JVM->ENV->DEFAULT_SETTING
2025-04-03 14:30:30.717 [main] INFO  o.d.NacosProviderApplication Starting NacosProviderApplication using Java 1.8.0_202 on W7-20200925UMIL with PID 3100 (E:\idea_workspace\java_workspace\springclouddemos\my-spring-cloud-alibaba-examples\nacos-examples\nacos-provider-examples\target\classes started by Administrator in E:\idea_workspace\java_workspace\springclouddemos\my-spring-cloud-alibaba-examples)
2025-04-03 14:30:30.717 [main] INFO  o.d.NacosProviderApplication No active profile set, falling back to 1 default profile: "default"
2025-04-03 14:30:32.433 [main] INFO  o.s.c.c.s.GenericScope BeanFactory id=47570e2e-81b9-3951-b595-a54f402cd9f5
2025-04-03 14:30:32.947 [main] INFO  o.s.b.w.e.t.TomcatWebServer Tomcat initialized with port(s): 18081 (http)
2025-04-03 14:30:32.963 [main] INFO  o.a.c.h.Http11NioProtocol Initializing ProtocolHandler ["http-nio-18081"]
2025-04-03 14:30:32.963 [main] INFO  o.a.c.c.StandardService Starting service [Tomcat]
2025-04-03 14:30:32.963 [main] INFO  o.a.c.c.StandardEngine Starting Servlet engine: [Apache Tomcat/9.0.83]
2025-04-03 14:30:33.244 [main] INFO  o.a.c.c.C.[.[.[/] Initializing Spring embedded WebApplicationContext
2025-04-03 14:30:33.244 [main] INFO  o.s.b.w.s.c.ServletWebServerApplicationContext Root WebApplicationContext: initialization completed in 2449 ms
2025-04-03 14:30:36.445 [main] INFO  o.s.b.a.e.w.EndpointLinksResolver Exposing 17 endpoint(s) beneath base path '/actuator'
2025-04-03 14:30:36.554 [main] INFO  o.a.c.h.Http11NioProtocol Starting ProtocolHandler ["http-nio-18081"]
2025-04-03 14:30:36.586 [main] INFO  o.s.b.w.e.t.TomcatWebServer Tomcat started on port(s): 18081 (http) with context path ''
2025-04-03 14:30:36.648 [main] INFO  c.a.n.p.a.s.c.ClientAuthPluginManager [ClientAuthPluginManager] Load ClientAuthService com.alibaba.nacos.client.auth.impl.NacosClientAuthServiceImpl success.
2025-04-03 14:30:36.648 [main] INFO  c.a.n.p.a.s.c.ClientAuthPluginManager [ClientAuthPluginManager] Load ClientAuthService com.alibaba.nacos.client.auth.ram.RamClientAuthServiceImpl success.
2025-04-03 14:30:39.467 [main] INFO  c.a.c.n.r.NacosServiceRegistry nacos registry, DEFAULT_GROUP nacos-provider 192.168.3.230:18081 register finished
2025-04-03 14:30:40.169 [main] INFO  o.d.NacosProviderApplication Started NacosProviderApplication in 12.113 seconds (JVM running for 14.146)
2025-04-03 14:30:40.185 [main] INFO  o.d.NacosProviderApplication slf4j+logback: NacosProviderApplication running.
2025-04-03 14:30:41.339 [RMI TCP Connection(2)-192.168.56.1] INFO  o.a.c.c.C.[.[.[/] Initializing Spring DispatcherServlet 'dispatcherServlet'
2025-04-03 14:30:41.339 [RMI TCP Connection(2)-192.168.56.1] INFO  o.s.w.s.DispatcherServlet Initializing Servlet 'dispatcherServlet'
2025-04-03 14:30:41.339 [RMI TCP Connection(2)-192.168.56.1] INFO  o.s.w.s.DispatcherServlet Completed initialization in 0 ms
