2025-03-25 16:27:15.248 [main] INFO  c.a.n.c.e.SearchableProperties properties search order:PROPERTIES->JVM->ENV->DEFAULT_SETTING
2025-03-25 16:27:15.413 [main] INFO  o.d.NacosProviderApplication Starting NacosProviderApplication using Java 1.8.0_202 on W7-20200925UMIL with PID 6476 (E:\idea_workspace\java_workspace\springclouddemos\my-spring-cloud-alibaba-examples\nacos-examples\nacos-provider-examples\target\classes started by Administrator in E:\idea_workspace\java_workspace\springclouddemos\my-spring-cloud-alibaba-examples)
2025-03-25 16:27:15.415 [main] INFO  o.d.NacosProviderApplication No active profile set, falling back to 1 default profile: "default"
2025-03-25 16:27:17.006 [main] INFO  o.s.c.c.s.GenericScope BeanFactory id=a628d1b7-71f0-30b7-b146-751bc6e2cc8a
2025-03-25 16:27:17.469 [main] INFO  o.s.b.w.e.t.TomcatWebServer Tomcat initialized with port(s): 8083 (http)
2025-03-25 16:27:17.480 [main] INFO  o.a.c.h.Http11NioProtocol Initializing ProtocolHandler ["http-nio-8083"]
2025-03-25 16:27:17.482 [main] INFO  o.a.c.c.StandardService Starting service [Tomcat]
2025-03-25 16:27:17.482 [main] INFO  o.a.c.c.StandardEngine Starting Servlet engine: [Apache Tomcat/9.0.83]
2025-03-25 16:27:17.693 [main] INFO  o.a.c.c.C.[.[.[/] Initializing Spring embedded WebApplicationContext
2025-03-25 16:27:17.694 [main] INFO  o.s.b.w.s.c.ServletWebServerApplicationContext Root WebApplicationContext: initialization completed in 2196 ms
2025-03-25 16:27:21.511 [main] INFO  o.s.b.a.e.w.EndpointLinksResolver Exposing 17 endpoint(s) beneath base path '/actuator'
2025-03-25 16:27:21.680 [main] INFO  o.a.c.h.Http11NioProtocol Starting ProtocolHandler ["http-nio-8083"]
2025-03-25 16:27:21.755 [main] INFO  o.s.b.w.e.t.TomcatWebServer Tomcat started on port(s): 8083 (http) with context path ''
2025-03-25 16:27:21.962 [main] INFO  c.a.n.p.a.s.c.ClientAuthPluginManager [ClientAuthPluginManager] Load ClientAuthService com.alibaba.nacos.client.auth.impl.NacosClientAuthServiceImpl success.
2025-03-25 16:27:21.962 [main] INFO  c.a.n.p.a.s.c.ClientAuthPluginManager [ClientAuthPluginManager] Load ClientAuthService com.alibaba.nacos.client.auth.ram.RamClientAuthServiceImpl success.
2025-03-25 16:27:25.671 [main] INFO  c.a.c.n.r.NacosServiceRegistry nacos registry, DEFAULT_GROUP nacos-provider 192.168.3.230:8083 register finished
2025-03-25 16:27:26.455 [main] INFO  o.d.NacosProviderApplication Started NacosProviderApplication in 13.84 seconds (JVM running for 15.708)
2025-03-25 16:27:26.467 [main] INFO  o.d.NacosProviderApplication slf4j+logback: NacosProviderApplication running.
2025-03-25 16:27:27.223 [RMI TCP Connection(1)-192.168.56.1] INFO  o.a.c.c.C.[.[.[/] Initializing Spring DispatcherServlet 'dispatcherServlet'
2025-03-25 16:27:27.224 [RMI TCP Connection(1)-192.168.56.1] INFO  o.s.w.s.DispatcherServlet Initializing Servlet 'dispatcherServlet'
2025-03-25 16:27:27.228 [RMI TCP Connection(1)-192.168.56.1] INFO  o.s.w.s.DispatcherServlet Completed initialization in 4 ms
2025-03-25 21:48:44.209 [http-nio-8083-exec-1] INFO  o.d.c.NacosFeignController 这是Nacos Feign的服务提供者，NacosFeignController#get()
2025-03-25 21:57:59.080 [http-nio-8083-exec-3] INFO  o.d.c.NacosFeignController 这是Nacos Feign的服务提供者，NacosFeignController#get()
