2025-04-03 14:29:15.252 [main] INFO  c.a.n.c.e.SearchableProperties properties search order:PROPERTIES->JVM->ENV->DEFAULT_SETTING
2025-04-03 14:29:15.510 [main] INFO  o.d.NacosConsumerApplication Starting NacosConsumerApplication using Java 1.8.0_202 on W7-20200925UMIL with PID 8144 (E:\idea_workspace\java_workspace\springclouddemos\my-spring-cloud-alibaba-examples\nacos-examples\nacos-consumer-example\target\classes started by Administrator in E:\idea_workspace\java_workspace\springclouddemos\my-spring-cloud-alibaba-examples)
2025-04-03 14:29:15.512 [main] INFO  o.d.NacosConsumerApplication No active profile set, falling back to 1 default profile: "default"
2025-04-03 14:29:17.685 [main] INFO  o.s.c.c.s.GenericScope BeanFactory id=fef9fe83-f246-3224-8099-285f09ef4f14
2025-04-03 14:29:18.229 [main] INFO  o.s.b.w.e.t.TomcatWebServer Tomcat initialized with port(s): 8082 (http)
2025-04-03 14:29:18.239 [main] INFO  o.a.c.h.Http11NioProtocol Initializing ProtocolHandler ["http-nio-8082"]
2025-04-03 14:29:18.241 [main] INFO  o.a.c.c.StandardService Starting service [Tomcat]
2025-04-03 14:29:18.242 [main] INFO  o.a.c.c.StandardEngine Starting Servlet engine: [Apache Tomcat/9.0.83]
2025-04-03 14:29:18.504 [main] INFO  o.a.c.c.C.[.[.[/] Initializing Spring embedded WebApplicationContext
2025-04-03 14:29:18.505 [main] INFO  o.s.b.w.s.c.ServletWebServerApplicationContext Root WebApplicationContext: initialization completed in 2865 ms
2025-04-03 14:29:19.287 [main] INFO  o.s.c.o.FeignClientFactoryBean For 'nacos-provider' URL not provided. Will try picking an instance via load-balancing.
2025-04-03 14:29:22.458 [main] INFO  o.s.b.a.e.w.EndpointLinksResolver Exposing 17 endpoint(s) beneath base path '/actuator'
2025-04-03 14:29:22.582 [main] INFO  o.a.c.h.Http11NioProtocol Starting ProtocolHandler ["http-nio-8082"]
2025-04-03 14:29:22.610 [main] INFO  o.s.b.w.e.t.TomcatWebServer Tomcat started on port(s): 8082 (http) with context path ''
2025-04-03 14:29:22.693 [main] INFO  c.a.n.p.a.s.c.ClientAuthPluginManager [ClientAuthPluginManager] Load ClientAuthService com.alibaba.nacos.client.auth.impl.NacosClientAuthServiceImpl success.
2025-04-03 14:29:22.693 [main] INFO  c.a.n.p.a.s.c.ClientAuthPluginManager [ClientAuthPluginManager] Load ClientAuthService com.alibaba.nacos.client.auth.ram.RamClientAuthServiceImpl success.
2025-04-03 14:29:25.650 [main] INFO  c.a.c.n.r.NacosServiceRegistry nacos registry, DEFAULT_GROUP nacos-consumer 192.168.3.230:8082 register finished
2025-04-03 14:29:26.327 [main] INFO  o.d.NacosConsumerApplication Started NacosConsumerApplication in 13.737 seconds (JVM running for 16.05)
2025-04-03 14:29:27.245 [RMI TCP Connection(1)-192.168.56.1] INFO  o.a.c.c.C.[.[.[/] Initializing Spring DispatcherServlet 'dispatcherServlet'
2025-04-03 14:29:27.247 [RMI TCP Connection(1)-192.168.56.1] INFO  o.s.w.s.DispatcherServlet Initializing Servlet 'dispatcherServlet'
2025-04-03 14:29:27.249 [RMI TCP Connection(1)-192.168.56.1] INFO  o.s.w.s.DispatcherServlet Completed initialization in 2 ms
2025-04-03 14:31:22.314 [main] INFO  c.a.n.c.e.SearchableProperties properties search order:PROPERTIES->JVM->ENV->DEFAULT_SETTING
2025-04-03 14:31:22.483 [main] INFO  o.d.NacosConsumerApplication Starting NacosConsumerApplication using Java 1.8.0_202 on W7-20200925UMIL with PID 1588 (E:\idea_workspace\java_workspace\springclouddemos\my-spring-cloud-alibaba-examples\nacos-examples\nacos-consumer-example\target\classes started by Administrator in E:\idea_workspace\java_workspace\springclouddemos\my-spring-cloud-alibaba-examples)
2025-04-03 14:31:22.484 [main] INFO  o.d.NacosConsumerApplication No active profile set, falling back to 1 default profile: "default"
2025-04-03 14:31:24.278 [main] INFO  o.s.c.c.s.GenericScope BeanFactory id=fef9fe83-f246-3224-8099-285f09ef4f14
2025-04-03 14:31:24.798 [main] INFO  o.s.b.w.e.t.TomcatWebServer Tomcat initialized with port(s): 8082 (http)
2025-04-03 14:31:24.809 [main] INFO  o.a.c.h.Http11NioProtocol Initializing ProtocolHandler ["http-nio-8082"]
2025-04-03 14:31:24.812 [main] INFO  o.a.c.c.StandardService Starting service [Tomcat]
2025-04-03 14:31:24.812 [main] INFO  o.a.c.c.StandardEngine Starting Servlet engine: [Apache Tomcat/9.0.83]
2025-04-03 14:31:25.083 [main] INFO  o.a.c.c.C.[.[.[/] Initializing Spring embedded WebApplicationContext
2025-04-03 14:31:25.084 [main] INFO  o.s.b.w.s.c.ServletWebServerApplicationContext Root WebApplicationContext: initialization completed in 2508 ms
2025-04-03 14:31:25.651 [main] INFO  o.s.c.o.FeignClientFactoryBean For 'nacos-provider' URL not provided. Will try picking an instance via load-balancing.
2025-04-03 14:31:28.660 [main] INFO  o.s.b.a.e.w.EndpointLinksResolver Exposing 17 endpoint(s) beneath base path '/actuator'
2025-04-03 14:31:28.874 [main] INFO  o.a.c.h.Http11NioProtocol Starting ProtocolHandler ["http-nio-8082"]
2025-04-03 14:31:28.907 [main] INFO  o.s.b.w.e.t.TomcatWebServer Tomcat started on port(s): 8082 (http) with context path ''
2025-04-03 14:31:29.000 [main] INFO  c.a.n.p.a.s.c.ClientAuthPluginManager [ClientAuthPluginManager] Load ClientAuthService com.alibaba.nacos.client.auth.impl.NacosClientAuthServiceImpl success.
2025-04-03 14:31:29.000 [main] INFO  c.a.n.p.a.s.c.ClientAuthPluginManager [ClientAuthPluginManager] Load ClientAuthService com.alibaba.nacos.client.auth.ram.RamClientAuthServiceImpl success.
2025-04-03 14:31:32.393 [main] INFO  c.a.c.n.r.NacosServiceRegistry nacos registry, DEFAULT_GROUP nacos-consumer 192.168.3.230:8082 register finished
2025-04-03 14:31:33.636 [main] INFO  o.d.NacosConsumerApplication Started NacosConsumerApplication in 14.003 seconds (JVM running for 16.335)
2025-04-03 14:31:34.363 [RMI TCP Connection(1)-192.168.56.1] INFO  o.a.c.c.C.[.[.[/] Initializing Spring DispatcherServlet 'dispatcherServlet'
2025-04-03 14:31:34.364 [RMI TCP Connection(1)-192.168.56.1] INFO  o.s.w.s.DispatcherServlet Initializing Servlet 'dispatcherServlet'
2025-04-03 14:31:34.370 [RMI TCP Connection(1)-192.168.56.1] INFO  o.s.w.s.DispatcherServlet Completed initialization in 6 ms
