2025-03-26 14:43:26.023 [main] INFO  c.a.n.c.e.SearchableProperties properties search order:PROPERTIES->JVM->ENV->DEFAULT_SETTING
2025-03-26 14:43:26.179 [main] INFO  o.d.NacosConsumerApplication Starting NacosConsumerApplication using Java 1.8.0_202 on W7-20200925UMIL with PID 8664 (E:\idea_workspace\java_workspace\springclouddemos\my-spring-cloud-alibaba-examples\nacos-examples\nacos-consumer-example\target\classes started by Administrator in E:\idea_workspace\java_workspace\springclouddemos\my-spring-cloud-alibaba-examples)
2025-03-26 14:43:26.195 [main] INFO  o.d.NacosConsumerApplication No active profile set, falling back to 1 default profile: "default"
2025-03-26 14:43:27.837 [main] INFO  o.s.c.c.s.GenericScope BeanFactory id=d458980f-3bf7-37d9-a5d6-b2467a2d2787
2025-03-26 14:43:28.274 [main] INFO  o.s.b.w.e.t.TomcatWebServer Tomcat initialized with port(s): 8082 (http)
2025-03-26 14:43:28.289 [main] INFO  o.a.c.h.Http11NioProtocol Initializing ProtocolHandler ["http-nio-8082"]
2025-03-26 14:43:28.289 [main] INFO  o.a.c.c.StandardService Starting service [Tomcat]
2025-03-26 14:43:28.289 [main] INFO  o.a.c.c.StandardEngine Starting Servlet engine: [Apache Tomcat/9.0.83]
2025-03-26 14:43:28.539 [main] INFO  o.a.c.c.C.[.[.[/] Initializing Spring embedded WebApplicationContext
2025-03-26 14:43:28.539 [main] INFO  o.s.b.w.s.c.ServletWebServerApplicationContext Root WebApplicationContext: initialization completed in 2250 ms
2025-03-26 14:43:29.225 [main] INFO  o.s.c.o.FeignClientFactoryBean For 'nacos-provider' URL not provided. Will try picking an instance via load-balancing.
2025-03-26 14:43:29.241 [main] INFO  o.a.c.c.StandardService Stopping service [Tomcat]
2025-03-26 14:43:29.272 [main] INFO  o.s.b.a.l.ConditionEvaluationReportLoggingListener 

Error starting ApplicationContext. To display the conditions report re-run your application with 'debug' enabled.
2025-03-26 14:53:18.583 [main] INFO  c.a.n.c.e.SearchableProperties properties search order:PROPERTIES->JVM->ENV->DEFAULT_SETTING
2025-03-26 14:53:18.725 [main] INFO  o.d.NacosConsumerApplication Starting NacosConsumerApplication using Java 1.8.0_202 on W7-20200925UMIL with PID 5052 (E:\idea_workspace\java_workspace\springclouddemos\my-spring-cloud-alibaba-examples\nacos-examples\nacos-consumer-example\target\classes started by Administrator in E:\idea_workspace\java_workspace\springclouddemos\my-spring-cloud-alibaba-examples)
2025-03-26 14:53:18.725 [main] INFO  o.d.NacosConsumerApplication No active profile set, falling back to 1 default profile: "default"
2025-03-26 14:53:19.702 [main] INFO  o.s.b.a.l.ConditionEvaluationReportLoggingListener 

Error starting ApplicationContext. To display the conditions report re-run your application with 'debug' enabled.
2025-03-26 14:54:29.421 [main] INFO  c.a.n.c.e.SearchableProperties properties search order:PROPERTIES->JVM->ENV->DEFAULT_SETTING
2025-03-26 14:54:29.566 [main] INFO  o.d.NacosConsumerApplication Starting NacosConsumerApplication using Java 1.8.0_202 on W7-20200925UMIL with PID 8288 (E:\idea_workspace\java_workspace\springclouddemos\my-spring-cloud-alibaba-examples\nacos-examples\nacos-consumer-example\target\classes started by Administrator in E:\idea_workspace\java_workspace\springclouddemos\my-spring-cloud-alibaba-examples)
2025-03-26 14:54:29.566 [main] INFO  o.d.NacosConsumerApplication No active profile set, falling back to 1 default profile: "default"
2025-03-26 14:54:31.102 [main] INFO  o.s.c.c.s.GenericScope BeanFactory id=538d320e-724e-337f-9fab-79cb15b9d17f
2025-03-26 14:54:31.564 [main] INFO  o.s.b.w.e.t.TomcatWebServer Tomcat initialized with port(s): 8082 (http)
2025-03-26 14:54:31.595 [main] INFO  o.a.c.h.Http11NioProtocol Initializing ProtocolHandler ["http-nio-8082"]
2025-03-26 14:54:31.595 [main] INFO  o.a.c.c.StandardService Starting service [Tomcat]
2025-03-26 14:54:31.595 [main] INFO  o.a.c.c.StandardEngine Starting Servlet engine: [Apache Tomcat/9.0.83]
2025-03-26 14:54:31.832 [main] INFO  o.a.c.c.C.[.[.[/] Initializing Spring embedded WebApplicationContext
2025-03-26 14:54:31.832 [main] INFO  o.s.b.w.s.c.ServletWebServerApplicationContext Root WebApplicationContext: initialization completed in 2170 ms
2025-03-26 14:54:32.299 [main] INFO  o.s.c.o.FeignClientFactoryBean For 'nacos-provider' URL not provided. Will try picking an instance via load-balancing.
2025-03-26 14:54:32.316 [main] INFO  o.a.c.c.StandardService Stopping service [Tomcat]
2025-03-26 14:54:32.347 [main] INFO  o.s.b.a.l.ConditionEvaluationReportLoggingListener 

Error starting ApplicationContext. To display the conditions report re-run your application with 'debug' enabled.
2025-03-26 14:57:52.927 [main] INFO  c.a.n.c.e.SearchableProperties properties search order:PROPERTIES->JVM->ENV->DEFAULT_SETTING
2025-03-26 14:57:53.088 [main] INFO  o.d.NacosConsumerApplication Starting NacosConsumerApplication using Java 1.8.0_202 on W7-20200925UMIL with PID 8864 (E:\idea_workspace\java_workspace\springclouddemos\my-spring-cloud-alibaba-examples\nacos-examples\nacos-consumer-example\target\classes started by Administrator in E:\idea_workspace\java_workspace\springclouddemos\my-spring-cloud-alibaba-examples)
2025-03-26 14:57:53.088 [main] INFO  o.d.NacosConsumerApplication No active profile set, falling back to 1 default profile: "default"
2025-03-26 14:57:54.843 [main] INFO  o.s.c.c.s.GenericScope BeanFactory id=da391796-bcc8-34cf-8d3a-cb2c8d6d2bbe
2025-03-26 14:57:55.287 [main] INFO  o.s.b.w.e.t.TomcatWebServer Tomcat initialized with port(s): 8082 (http)
2025-03-26 14:57:55.302 [main] INFO  o.a.c.h.Http11NioProtocol Initializing ProtocolHandler ["http-nio-8082"]
2025-03-26 14:57:55.302 [main] INFO  o.a.c.c.StandardService Starting service [Tomcat]
2025-03-26 14:57:55.302 [main] INFO  o.a.c.c.StandardEngine Starting Servlet engine: [Apache Tomcat/9.0.83]
2025-03-26 14:57:55.555 [main] INFO  o.a.c.c.C.[.[.[/] Initializing Spring embedded WebApplicationContext
2025-03-26 14:57:55.555 [main] INFO  o.s.b.w.s.c.ServletWebServerApplicationContext Root WebApplicationContext: initialization completed in 2373 ms
2025-03-26 14:57:56.034 [main] INFO  o.s.c.o.FeignClientFactoryBean For 'nacos-provider' URL not provided. Will try picking an instance via load-balancing.
2025-03-26 14:57:58.927 [main] INFO  o.s.b.a.e.w.EndpointLinksResolver Exposing 17 endpoint(s) beneath base path '/actuator'
2025-03-26 14:57:59.039 [main] INFO  o.a.c.h.Http11NioProtocol Starting ProtocolHandler ["http-nio-8082"]
2025-03-26 14:57:59.070 [main] INFO  o.s.b.w.e.t.TomcatWebServer Tomcat started on port(s): 8082 (http) with context path ''
2025-03-26 14:57:59.135 [main] INFO  c.a.n.p.a.s.c.ClientAuthPluginManager [ClientAuthPluginManager] Load ClientAuthService com.alibaba.nacos.client.auth.impl.NacosClientAuthServiceImpl success.
2025-03-26 14:57:59.135 [main] INFO  c.a.n.p.a.s.c.ClientAuthPluginManager [ClientAuthPluginManager] Load ClientAuthService com.alibaba.nacos.client.auth.ram.RamClientAuthServiceImpl success.
2025-03-26 14:58:01.589 [main] INFO  c.a.c.n.r.NacosServiceRegistry nacos registry, DEFAULT_GROUP nacos-consumer 192.168.3.230:8082 register finished
2025-03-26 14:58:02.239 [main] INFO  o.d.NacosConsumerApplication Started NacosConsumerApplication in 11.533 seconds (JVM running for 13.417)
2025-03-26 14:58:02.968 [RMI TCP Connection(2)-192.168.56.1] INFO  o.a.c.c.C.[.[.[/] Initializing Spring DispatcherServlet 'dispatcherServlet'
2025-03-26 14:58:02.968 [RMI TCP Connection(2)-192.168.56.1] INFO  o.s.w.s.DispatcherServlet Initializing Servlet 'dispatcherServlet'
2025-03-26 14:58:02.984 [RMI TCP Connection(2)-192.168.56.1] INFO  o.s.w.s.DispatcherServlet Completed initialization in 16 ms
2025-03-26 15:02:16.453 [http-nio-8082-exec-1] INFO  o.d.c.NacosFeignController service-consumer:NacosFeignController#get running.
2025-03-26 15:06:56.725 [main] INFO  c.a.n.c.e.SearchableProperties properties search order:PROPERTIES->JVM->ENV->DEFAULT_SETTING
2025-03-26 15:06:56.869 [main] INFO  o.d.NacosConsumerApplication Starting NacosConsumerApplication using Java 1.8.0_202 on W7-20200925UMIL with PID 6164 (E:\idea_workspace\java_workspace\springclouddemos\my-spring-cloud-alibaba-examples\nacos-examples\nacos-consumer-example\target\classes started by Administrator in E:\idea_workspace\java_workspace\springclouddemos\my-spring-cloud-alibaba-examples)
2025-03-26 15:06:56.869 [main] INFO  o.d.NacosConsumerApplication No active profile set, falling back to 1 default profile: "default"
2025-03-26 15:06:58.485 [main] INFO  o.s.c.c.s.GenericScope BeanFactory id=da391796-bcc8-34cf-8d3a-cb2c8d6d2bbe
2025-03-26 15:06:58.943 [main] INFO  o.s.b.w.e.t.TomcatWebServer Tomcat initialized with port(s): 8082 (http)
2025-03-26 15:06:58.958 [main] INFO  o.a.c.h.Http11NioProtocol Initializing ProtocolHandler ["http-nio-8082"]
2025-03-26 15:06:58.958 [main] INFO  o.a.c.c.StandardService Starting service [Tomcat]
2025-03-26 15:06:58.958 [main] INFO  o.a.c.c.StandardEngine Starting Servlet engine: [Apache Tomcat/9.0.83]
2025-03-26 15:06:59.201 [main] INFO  o.a.c.c.C.[.[.[/] Initializing Spring embedded WebApplicationContext
2025-03-26 15:06:59.201 [main] INFO  o.s.b.w.s.c.ServletWebServerApplicationContext Root WebApplicationContext: initialization completed in 2236 ms
2025-03-26 15:06:59.732 [main] INFO  o.s.c.o.FeignClientFactoryBean For 'nacos-provider' URL not provided. Will try picking an instance via load-balancing.
2025-03-26 15:07:02.563 [main] INFO  o.s.b.a.e.w.EndpointLinksResolver Exposing 17 endpoint(s) beneath base path '/actuator'
2025-03-26 15:07:02.653 [main] INFO  o.a.c.h.Http11NioProtocol Starting ProtocolHandler ["http-nio-8082"]
2025-03-26 15:07:02.686 [main] INFO  o.s.b.w.e.t.TomcatWebServer Tomcat started on port(s): 8082 (http) with context path ''
2025-03-26 15:07:02.748 [main] INFO  c.a.n.p.a.s.c.ClientAuthPluginManager [ClientAuthPluginManager] Load ClientAuthService com.alibaba.nacos.client.auth.impl.NacosClientAuthServiceImpl success.
2025-03-26 15:07:02.748 [main] INFO  c.a.n.p.a.s.c.ClientAuthPluginManager [ClientAuthPluginManager] Load ClientAuthService com.alibaba.nacos.client.auth.ram.RamClientAuthServiceImpl success.
2025-03-26 15:07:05.249 [main] INFO  c.a.c.n.r.NacosServiceRegistry nacos registry, DEFAULT_GROUP nacos-consumer 192.168.3.230:8082 register finished
2025-03-26 15:07:05.903 [main] INFO  o.d.NacosConsumerApplication Started NacosConsumerApplication in 11.426 seconds (JVM running for 13.415)
2025-03-26 15:07:07.265 [RMI TCP Connection(3)-192.168.56.1] INFO  o.a.c.c.C.[.[.[/] Initializing Spring DispatcherServlet 'dispatcherServlet'
2025-03-26 15:07:07.265 [RMI TCP Connection(3)-192.168.56.1] INFO  o.s.w.s.DispatcherServlet Initializing Servlet 'dispatcherServlet'
2025-03-26 15:07:07.265 [RMI TCP Connection(3)-192.168.56.1] INFO  o.s.w.s.DispatcherServlet Completed initialization in 0 ms
2025-03-26 15:07:46.659 [http-nio-8082-exec-1] INFO  o.d.c.NacosFeignController service-consumer:NacosFeignController#get running.
2025-03-26 15:09:51.957 [http-nio-8082-exec-3] INFO  o.d.c.NacosFeignController service-consumer:NacosFeignController#get running.
2025-03-26 15:10:55.126 [http-nio-8082-exec-5] INFO  o.d.c.NacosFeignController service-consumer:NacosFeignController#get running.
2025-03-26 15:13:11.393 [http-nio-8082-exec-7] INFO  o.d.c.NacosFeignController service-consumer:NacosFeignController#get running.
2025-03-26 15:13:37.169 [http-nio-8082-exec-8] INFO  o.d.c.NacosFeignController service-consumer:NacosFeignController#get running.
2025-03-26 15:13:51.252 [http-nio-8082-exec-1] INFO  o.d.c.NacosFeignController service-consumer:NacosFeignController#get running.
2025-03-26 15:16:43.600 [http-nio-8082-exec-3] INFO  o.d.c.NacosFeignController service-consumer:NacosFeignController#get running.
2025-03-26 15:19:04.994 [main] INFO  c.a.n.c.e.SearchableProperties properties search order:PROPERTIES->JVM->ENV->DEFAULT_SETTING
2025-03-26 15:19:05.135 [main] INFO  o.d.NacosConsumerApplication Starting NacosConsumerApplication using Java 1.8.0_202 on W7-20200925UMIL with PID 8348 (E:\idea_workspace\java_workspace\springclouddemos\my-spring-cloud-alibaba-examples\nacos-examples\nacos-consumer-example\target\classes started by Administrator in E:\idea_workspace\java_workspace\springclouddemos\my-spring-cloud-alibaba-examples)
2025-03-26 15:19:05.135 [main] INFO  o.d.NacosConsumerApplication No active profile set, falling back to 1 default profile: "default"
2025-03-26 15:19:06.785 [main] INFO  o.s.c.c.s.GenericScope BeanFactory id=fef9fe83-f246-3224-8099-285f09ef4f14
2025-03-26 15:19:07.243 [main] INFO  o.s.b.w.e.t.TomcatWebServer Tomcat initialized with port(s): 8082 (http)
2025-03-26 15:19:07.243 [main] INFO  o.a.c.h.Http11NioProtocol Initializing ProtocolHandler ["http-nio-8082"]
2025-03-26 15:19:07.259 [main] INFO  o.a.c.c.StandardService Starting service [Tomcat]
2025-03-26 15:19:07.259 [main] INFO  o.a.c.c.StandardEngine Starting Servlet engine: [Apache Tomcat/9.0.83]
2025-03-26 15:19:07.508 [main] INFO  o.a.c.c.C.[.[.[/] Initializing Spring embedded WebApplicationContext
2025-03-26 15:19:07.508 [main] INFO  o.s.b.w.s.c.ServletWebServerApplicationContext Root WebApplicationContext: initialization completed in 2278 ms
2025-03-26 15:19:08.008 [main] INFO  o.s.c.o.FeignClientFactoryBean For 'nacos-provider' URL not provided. Will try picking an instance via load-balancing.
2025-03-26 15:19:10.823 [main] INFO  o.s.b.a.e.w.EndpointLinksResolver Exposing 17 endpoint(s) beneath base path '/actuator'
2025-03-26 15:19:10.936 [main] INFO  o.a.c.h.Http11NioProtocol Starting ProtocolHandler ["http-nio-8082"]
2025-03-26 15:19:10.967 [main] INFO  o.s.b.w.e.t.TomcatWebServer Tomcat started on port(s): 8082 (http) with context path ''
2025-03-26 15:19:11.026 [main] INFO  c.a.n.p.a.s.c.ClientAuthPluginManager [ClientAuthPluginManager] Load ClientAuthService com.alibaba.nacos.client.auth.impl.NacosClientAuthServiceImpl success.
2025-03-26 15:19:11.026 [main] INFO  c.a.n.p.a.s.c.ClientAuthPluginManager [ClientAuthPluginManager] Load ClientAuthService com.alibaba.nacos.client.auth.ram.RamClientAuthServiceImpl success.
2025-03-26 15:19:13.696 [main] INFO  c.a.c.n.r.NacosServiceRegistry nacos registry, DEFAULT_GROUP nacos-consumer 192.168.3.230:8082 register finished
2025-03-26 15:19:14.352 [main] INFO  o.d.NacosConsumerApplication Started NacosConsumerApplication in 11.592 seconds (JVM running for 13.406)
2025-03-26 15:19:15.634 [RMI TCP Connection(2)-192.168.56.1] INFO  o.a.c.c.C.[.[.[/] Initializing Spring DispatcherServlet 'dispatcherServlet'
2025-03-26 15:19:15.634 [RMI TCP Connection(2)-192.168.56.1] INFO  o.s.w.s.DispatcherServlet Initializing Servlet 'dispatcherServlet'
2025-03-26 15:19:15.634 [RMI TCP Connection(2)-192.168.56.1] INFO  o.s.w.s.DispatcherServlet Completed initialization in 0 ms
2025-03-26 15:19:49.017 [http-nio-8082-exec-1] INFO  o.d.c.NacosFeignController service-consumer:NacosFeignController#get2 running.
2025-03-26 16:05:14.433 [main] INFO  c.a.n.c.e.SearchableProperties properties search order:PROPERTIES->JVM->ENV->DEFAULT_SETTING
2025-03-26 16:05:14.605 [main] INFO  o.d.NacosConsumerApplication Starting NacosConsumerApplication using Java 1.8.0_202 on W7-20200925UMIL with PID 6896 (E:\idea_workspace\java_workspace\springclouddemos\my-spring-cloud-alibaba-examples\nacos-examples\nacos-consumer-example\target\classes started by Administrator in E:\idea_workspace\java_workspace\springclouddemos\my-spring-cloud-alibaba-examples)
2025-03-26 16:05:14.621 [main] INFO  o.d.NacosConsumerApplication No active profile set, falling back to 1 default profile: "default"
2025-03-26 16:05:16.252 [main] INFO  o.s.c.c.s.GenericScope BeanFactory id=c6f7d75a-5186-3793-acee-1ead28c4e478
2025-03-26 16:05:16.713 [main] INFO  o.s.b.w.e.t.TomcatWebServer Tomcat initialized with port(s): 8082 (http)
2025-03-26 16:05:16.724 [main] INFO  o.a.c.h.Http11NioProtocol Initializing ProtocolHandler ["http-nio-8082"]
2025-03-26 16:05:16.726 [main] INFO  o.a.c.c.StandardService Starting service [Tomcat]
2025-03-26 16:05:16.727 [main] INFO  o.a.c.c.StandardEngine Starting Servlet engine: [Apache Tomcat/9.0.83]
2025-03-26 16:05:16.982 [main] INFO  o.a.c.c.C.[.[.[/] Initializing Spring embedded WebApplicationContext
2025-03-26 16:05:16.983 [main] INFO  o.s.b.w.s.c.ServletWebServerApplicationContext Root WebApplicationContext: initialization completed in 2281 ms
2025-03-26 16:05:17.565 [main] INFO  o.s.c.o.FeignClientFactoryBean For 'nacos-provider' URL not provided. Will try picking an instance via load-balancing.
2025-03-26 16:05:17.575 [main] INFO  o.a.c.c.StandardService Stopping service [Tomcat]
2025-03-26 16:05:17.606 [main] INFO  o.s.b.a.l.ConditionEvaluationReportLoggingListener 

Error starting ApplicationContext. To display the conditions report re-run your application with 'debug' enabled.
2025-03-26 20:00:07.485 [main] INFO  c.a.n.c.e.SearchableProperties properties search order:PROPERTIES->JVM->ENV->DEFAULT_SETTING
2025-03-26 20:00:07.657 [main] INFO  o.d.NacosConsumerApplication Starting NacosConsumerApplication using Java 1.8.0_202 on W7-20200925UMIL with PID 9176 (E:\idea_workspace\java_workspace\springclouddemos\my-spring-cloud-alibaba-examples\nacos-examples\nacos-consumer-example\target\classes started by Administrator in E:\idea_workspace\java_workspace\springclouddemos\my-spring-cloud-alibaba-examples)
2025-03-26 20:00:07.657 [main] INFO  o.d.NacosConsumerApplication No active profile set, falling back to 1 default profile: "default"
2025-03-26 20:00:09.203 [main] INFO  o.s.c.c.s.GenericScope BeanFactory id=fef9fe83-f246-3224-8099-285f09ef4f14
2025-03-26 20:00:09.671 [main] INFO  o.s.b.w.e.t.TomcatWebServer Tomcat initialized with port(s): 8082 (http)
2025-03-26 20:00:09.687 [main] INFO  o.a.c.h.Http11NioProtocol Initializing ProtocolHandler ["http-nio-8082"]
2025-03-26 20:00:09.687 [main] INFO  o.a.c.c.StandardService Starting service [Tomcat]
2025-03-26 20:00:09.687 [main] INFO  o.a.c.c.StandardEngine Starting Servlet engine: [Apache Tomcat/9.0.83]
2025-03-26 20:00:09.922 [main] INFO  o.a.c.c.C.[.[.[/] Initializing Spring embedded WebApplicationContext
2025-03-26 20:00:09.922 [main] INFO  o.s.b.w.s.c.ServletWebServerApplicationContext Root WebApplicationContext: initialization completed in 2187 ms
2025-03-26 20:00:10.452 [main] INFO  o.s.c.o.FeignClientFactoryBean For 'nacos-provider' URL not provided. Will try picking an instance via load-balancing.
2025-03-26 20:00:13.246 [main] INFO  o.s.b.a.e.w.EndpointLinksResolver Exposing 17 endpoint(s) beneath base path '/actuator'
2025-03-26 20:00:13.340 [main] INFO  o.a.c.h.Http11NioProtocol Starting ProtocolHandler ["http-nio-8082"]
2025-03-26 20:00:13.371 [main] INFO  o.s.b.w.e.t.TomcatWebServer Tomcat started on port(s): 8082 (http) with context path ''
2025-03-26 20:00:13.434 [main] INFO  c.a.n.p.a.s.c.ClientAuthPluginManager [ClientAuthPluginManager] Load ClientAuthService com.alibaba.nacos.client.auth.impl.NacosClientAuthServiceImpl success.
2025-03-26 20:00:13.434 [main] INFO  c.a.n.p.a.s.c.ClientAuthPluginManager [ClientAuthPluginManager] Load ClientAuthService com.alibaba.nacos.client.auth.ram.RamClientAuthServiceImpl success.
2025-03-26 20:00:15.909 [main] INFO  c.a.c.n.r.NacosServiceRegistry nacos registry, DEFAULT_GROUP nacos-consumer 192.168.3.230:8082 register finished
2025-03-26 20:00:16.533 [main] INFO  o.d.NacosConsumerApplication Started NacosConsumerApplication in 11.359 seconds (JVM running for 13.18)
2025-03-26 20:00:17.719 [RMI TCP Connection(2)-192.168.56.1] INFO  o.a.c.c.C.[.[.[/] Initializing Spring DispatcherServlet 'dispatcherServlet'
2025-03-26 20:00:17.719 [RMI TCP Connection(2)-192.168.56.1] INFO  o.s.w.s.DispatcherServlet Initializing Servlet 'dispatcherServlet'
2025-03-26 20:00:17.719 [RMI TCP Connection(2)-192.168.56.1] INFO  o.s.w.s.DispatcherServlet Completed initialization in 0 ms
